<?xml version="1.0" encoding="UTF-8" ?>
<testsuite failures="0" time="0.056" errors="0" skipped="0" tests="13" name="org.cimmyt.corehunter.test.TestSSRDataset">
  <properties>
    <property name="java.runtime.name" value="Java(TM) SE Runtime Environment"/>
    <property name="sun.boot.library.path" value="/System/Library/Java/JavaVirtualMachines/1.6.0.jdk/Contents/Libraries"/>
    <property name="java.vm.version" value="20.4-b02-402"/>
    <property name="awt.nativeDoubleBuffering" value="true"/>
    <property name="gopherProxySet" value="false"/>
    <property name="mrj.build" value="10M3527"/>
    <property name="java.vm.vendor" value="Apple Inc."/>
    <property name="java.vendor.url" value="http://www.apple.com/"/>
    <property name="path.separator" value=":"/>
    <property name="java.vm.name" value="Java HotSpot(TM) 64-Bit Server VM"/>
    <property name="file.encoding.pkg" value="sun.io"/>
    <property name="user.country" value="NL"/>
    <property name="sun.java.launcher" value="SUN_STANDARD"/>
    <property name="sun.os.patch.level" value="unknown"/>
    <property name="java.vm.specification.name" value="Java Virtual Machine Specification"/>
    <property name="user.dir" value="/Users/hermandebeukelaer/Documents/thesis/github_test/CoreHunter/corehunter-lib"/>
    <property name="java.runtime.version" value="1.6.0_29-b11-402-10M3527"/>
    <property name="java.awt.graphicsenv" value="apple.awt.CGraphicsEnvironment"/>
    <property name="basedir" value="/Users/hermandebeukelaer/Documents/thesis/github_test/CoreHunter/corehunter-lib"/>
    <property name="java.endorsed.dirs" value="/System/Library/Java/JavaVirtualMachines/1.6.0.jdk/Contents/Home/lib/endorsed"/>
    <property name="os.arch" value="x86_64"/>
    <property name="surefire.real.class.path" value="/Users/hermandebeukelaer/Documents/thesis/github_test/CoreHunter/corehunter-lib/target/surefire/surefirebooter4826166444896947614.jar"/>
    <property name="java.io.tmpdir" value="/var/folders/3d/3dkxRbUZEkaDTBXgDJoSVk+++TQ/-Tmp-/"/>
    <property name="line.separator" value="
"/>
    <property name="java.vm.specification.vendor" value="Sun Microsystems Inc."/>
    <property name="os.name" value="Mac OS X"/>
    <property name="sun.jnu.encoding" value="MacRoman"/>
    <property name="java.library.path" value=".:/Library/Java/Extensions:/System/Library/Java/Extensions:/usr/lib/java"/>
    <property name="surefire.test.class.path" value="/Users/hermandebeukelaer/Documents/thesis/github_test/CoreHunter/corehunter-lib/target/test-classes:/Users/hermandebeukelaer/Documents/thesis/github_test/CoreHunter/corehunter-lib/target/classes:/Users/hermandebeukelaer/.m2/repository/commons-math/commons-math/1.2/commons-math-1.2.jar:/Users/hermandebeukelaer/.m2/repository/net/sf/opencsv/opencsv/1.8/opencsv-1.8.jar:/Users/hermandebeukelaer/.m2/repository/junit/junit/4.4/junit-4.4.jar:"/>
    <property name="java.specification.name" value="Java Platform API Specification"/>
    <property name="java.class.version" value="50.0"/>
    <property name="sun.management.compiler" value="HotSpot 64-Bit Tiered Compilers"/>
    <property name="os.version" value="10.6.8"/>
    <property name="http.nonProxyHosts" value="local|*.local|169.254/16|*.169.254/16"/>
    <property name="user.home" value="/Users/hermandebeukelaer"/>
    <property name="user.timezone" value=""/>
    <property name="java.awt.printerjob" value="apple.awt.CPrinterJob"/>
    <property name="java.specification.version" value="1.6"/>
    <property name="file.encoding" value="MacRoman"/>
    <property name="user.name" value="hermandebeukelaer"/>
    <property name="java.class.path" value="/Users/hermandebeukelaer/Documents/thesis/github_test/CoreHunter/corehunter-lib/target/test-classes:/Users/hermandebeukelaer/Documents/thesis/github_test/CoreHunter/corehunter-lib/target/classes:/Users/hermandebeukelaer/.m2/repository/commons-math/commons-math/1.2/commons-math-1.2.jar:/Users/hermandebeukelaer/.m2/repository/net/sf/opencsv/opencsv/1.8/opencsv-1.8.jar:/Users/hermandebeukelaer/.m2/repository/junit/junit/4.4/junit-4.4.jar:"/>
    <property name="java.vm.specification.version" value="1.0"/>
    <property name="sun.arch.data.model" value="64"/>
    <property name="java.home" value="/System/Library/Java/JavaVirtualMachines/1.6.0.jdk/Contents/Home"/>
    <property name="sun.java.command" value="/Users/hermandebeukelaer/Documents/thesis/github_test/CoreHunter/corehunter-lib/target/surefire/surefirebooter4826166444896947614.jar /Users/hermandebeukelaer/Documents/thesis/github_test/CoreHunter/corehunter-lib/target/surefire/surefire311456885635745512tmp /Users/hermandebeukelaer/Documents/thesis/github_test/CoreHunter/corehunter-lib/target/surefire/surefire5581255890223591010tmp"/>
    <property name="java.specification.vendor" value="Sun Microsystems Inc."/>
    <property name="user.language" value="nl"/>
    <property name="awt.toolkit" value="apple.awt.CToolkit"/>
    <property name="java.vm.info" value="mixed mode"/>
    <property name="java.version" value="1.6.0_29"/>
    <property name="java.ext.dirs" value="/Library/Java/Extensions:/System/Library/Java/Extensions:/System/Library/Java/JavaVirtualMachines/1.6.0.jdk/Contents/Home/lib/ext"/>
    <property name="sun.boot.class.path" value="/System/Library/Java/JavaVirtualMachines/1.6.0.jdk/Contents/Classes/jsfd.jar:/System/Library/Java/JavaVirtualMachines/1.6.0.jdk/Contents/Classes/classes.jar:/System/Library/Frameworks/JavaVM.framework/Frameworks/JavaRuntimeSupport.framework/Resources/Java/JavaRuntimeSupport.jar:/System/Library/Java/JavaVirtualMachines/1.6.0.jdk/Contents/Classes/ui.jar:/System/Library/Java/JavaVirtualMachines/1.6.0.jdk/Contents/Classes/laf.jar:/System/Library/Java/JavaVirtualMachines/1.6.0.jdk/Contents/Classes/sunrsasign.jar:/System/Library/Java/JavaVirtualMachines/1.6.0.jdk/Contents/Classes/jsse.jar:/System/Library/Java/JavaVirtualMachines/1.6.0.jdk/Contents/Classes/jce.jar:/System/Library/Java/JavaVirtualMachines/1.6.0.jdk/Contents/Classes/charsets.jar"/>
    <property name="java.vendor" value="Apple Inc."/>
    <property name="localRepository" value="/Users/hermandebeukelaer/.m2/repository"/>
    <property name="file.separator" value="/"/>
    <property name="java.vendor.url.bug" value="http://bugreport.apple.com/"/>
    <property name="sun.cpu.endian" value="little"/>
    <property name="sun.io.unicode.encoding" value="UnicodeLittle"/>
    <property name="mrj.version" value="1060.1.6.0_29-402"/>
    <property name="socksNonProxyHosts" value="local|*.local|169.254/16|*.169.254/16"/>
    <property name="ftp.nonProxyHosts" value="local|*.local|169.254/16|*.169.254/16"/>
    <property name="sun.cpu.isalist" value=""/>
  </properties>
  <testcase time="0.003" classname="org.cimmyt.corehunter.test.TestSSRDataset" name="verifyInvalidAccessionMapsToNull"/>
  <testcase time="0.003" classname="org.cimmyt.corehunter.test.TestSSRDataset" name="verifyInvalidMarkerMapsToNull"/>
  <testcase time="0.003" classname="org.cimmyt.corehunter.test.TestSSRDataset" name="verifyUnknownAccessionCantBeSet"/>
  <testcase time="0.003" classname="org.cimmyt.corehunter.test.TestSSRDataset" name="verifyInitialSSRValues"/>
  <testcase time="0.003" classname="org.cimmyt.corehunter.test.TestSSRDataset" name="verifyInitialNullSSRValues"/>
  <testcase time="0.002" classname="org.cimmyt.corehunter.test.TestSSRDataset" name="verifyInvalidAlleleMapsToNull"/>
  <testcase time="0.002" classname="org.cimmyt.corehunter.test.TestSSRDataset" name="verifyValueChange"/>
  <testcase time="0.002" classname="org.cimmyt.corehunter.test.TestSSRDataset" name="verifyValueListChange"/>
  <testcase time="0.003" classname="org.cimmyt.corehunter.test.TestSSRDataset" name="verifyNullToValue"/>
  <testcase time="0.002" classname="org.cimmyt.corehunter.test.TestSSRDataset" name="verifyValueToNull"/>
  <testcase time="0.003" classname="org.cimmyt.corehunter.test.TestSSRDataset" name="verifyUnknownMarkerCantBeSet"/>
  <testcase time="0.003" classname="org.cimmyt.corehunter.test.TestSSRDataset" name="verifyUnknownAlleleCantBeSet"/>
  <testcase time="0.003" classname="org.cimmyt.corehunter.test.TestSSRDataset" name="verifyNormilizeScalesData"/>
</testsuite>